[2018-03-01T22:42:51.185] [TRACE] blog - ReferenceError: user1 is not defined
    at exports.login (/Users/wangcaowei/Documents/frontend/blog/server/controller/user.js:23:9)
    at <anonymous>
[2018-03-01T22:44:10.977] [TRACE] blog - ReferenceError: user1 is not defined
    at exports.login (/Users/wangcaowei/Documents/frontend/blog/server/controller/user.js:23:9)
    at <anonymous>
[2018-03-01T23:58:19.133] [TRACE] blog - ReferenceError: user1 is not defined
    at exports.login (/Users/wangcaowei/Documents/frontend/blog/server/controller/user.js:23:9)
    at <anonymous>
[2018-03-02T00:00:09.453] [TRACE] blog - ReferenceError: user1 is not defined
    at exports.login (/Users/wangcaowei/Documents/frontend/blog/server/controller/user.js:23:9)
    at <anonymous>
[2018-03-04T04:30:25.391] [TRACE] blog - SequelizeValidationError: string violation: password cannot be an array or an object
    at Promise.all.then (/Users/wangcaowei/Documents/frontend/blog/server/node_modules/_sequelize@4.33.4@sequelize/lib/instance-validator.js:77:15)
    at tryCatcher (/Users/wangcaowei/Documents/frontend/blog/server/node_modules/_bluebird@3.5.1@bluebird/js/release/util.js:16:23)
    at Promise._settlePromiseFromHandler (/Users/wangcaowei/Documents/frontend/blog/server/node_modules/_bluebird@3.5.1@bluebird/js/release/promise.js:512:31)
    at Promise._settlePromise (/Users/wangcaowei/Documents/frontend/blog/server/node_modules/_bluebird@3.5.1@bluebird/js/release/promise.js:569:18)
    at Promise._settlePromise0 (/Users/wangcaowei/Documents/frontend/blog/server/node_modules/_bluebird@3.5.1@bluebird/js/release/promise.js:614:10)
    at Promise._settlePromises (/Users/wangcaowei/Documents/frontend/blog/server/node_modules/_bluebird@3.5.1@bluebird/js/release/promise.js:693:18)
    at Promise._fulfill (/Users/wangcaowei/Documents/frontend/blog/server/node_modules/_bluebird@3.5.1@bluebird/js/release/promise.js:638:18)
    at PromiseArray._resolve (/Users/wangcaowei/Documents/frontend/blog/server/node_modules/_bluebird@3.5.1@bluebird/js/release/promise_array.js:126:19)
    at PromiseArray._promiseFulfilled (/Users/wangcaowei/Documents/frontend/blog/server/node_modules/_bluebird@3.5.1@bluebird/js/release/promise_array.js:144:14)
    at Promise._settlePromise (/Users/wangcaowei/Documents/frontend/blog/server/node_modules/_bluebird@3.5.1@bluebird/js/release/promise.js:574:26)
    at Promise._settlePromise0 (/Users/wangcaowei/Documents/frontend/blog/server/node_modules/_bluebird@3.5.1@bluebird/js/release/promise.js:614:10)
    at Promise._settlePromises (/Users/wangcaowei/Documents/frontend/blog/server/node_modules/_bluebird@3.5.1@bluebird/js/release/promise.js:693:18)
    at Async._drainQueue (/Users/wangcaowei/Documents/frontend/blog/server/node_modules/_bluebird@3.5.1@bluebird/js/release/async.js:133:16)
    at Async._drainQueues (/Users/wangcaowei/Documents/frontend/blog/server/node_modules/_bluebird@3.5.1@bluebird/js/release/async.js:143:10)
    at Immediate.Async.drainQueues (/Users/wangcaowei/Documents/frontend/blog/server/node_modules/_bluebird@3.5.1@bluebird/js/release/async.js:17:14)
    at runCallback (timers.js:781:20)
    at tryOnImmediate (timers.js:743:5)
    at processImmediate [as _immediateCallback] (timers.js:714:5)
[2018-03-04T04:33:05.026] [TRACE] blog - SequelizeValidationError: string violation: password cannot be an array or an object
    at Promise.all.then (/Users/wangcaowei/Documents/frontend/blog/server/node_modules/_sequelize@4.33.4@sequelize/lib/instance-validator.js:77:15)
    at tryCatcher (/Users/wangcaowei/Documents/frontend/blog/server/node_modules/_bluebird@3.5.1@bluebird/js/release/util.js:16:23)
    at Promise._settlePromiseFromHandler (/Users/wangcaowei/Documents/frontend/blog/server/node_modules/_bluebird@3.5.1@bluebird/js/release/promise.js:512:31)
    at Promise._settlePromise (/Users/wangcaowei/Documents/frontend/blog/server/node_modules/_bluebird@3.5.1@bluebird/js/release/promise.js:569:18)
    at Promise._settlePromise0 (/Users/wangcaowei/Documents/frontend/blog/server/node_modules/_bluebird@3.5.1@bluebird/js/release/promise.js:614:10)
    at Promise._settlePromises (/Users/wangcaowei/Documents/frontend/blog/server/node_modules/_bluebird@3.5.1@bluebird/js/release/promise.js:693:18)
    at Promise._fulfill (/Users/wangcaowei/Documents/frontend/blog/server/node_modules/_bluebird@3.5.1@bluebird/js/release/promise.js:638:18)
    at PromiseArray._resolve (/Users/wangcaowei/Documents/frontend/blog/server/node_modules/_bluebird@3.5.1@bluebird/js/release/promise_array.js:126:19)
    at PromiseArray._promiseFulfilled (/Users/wangcaowei/Documents/frontend/blog/server/node_modules/_bluebird@3.5.1@bluebird/js/release/promise_array.js:144:14)
    at Promise._settlePromise (/Users/wangcaowei/Documents/frontend/blog/server/node_modules/_bluebird@3.5.1@bluebird/js/release/promise.js:574:26)
    at Promise._settlePromise0 (/Users/wangcaowei/Documents/frontend/blog/server/node_modules/_bluebird@3.5.1@bluebird/js/release/promise.js:614:10)
    at Promise._settlePromises (/Users/wangcaowei/Documents/frontend/blog/server/node_modules/_bluebird@3.5.1@bluebird/js/release/promise.js:693:18)
    at Async._drainQueue (/Users/wangcaowei/Documents/frontend/blog/server/node_modules/_bluebird@3.5.1@bluebird/js/release/async.js:133:16)
    at Async._drainQueues (/Users/wangcaowei/Documents/frontend/blog/server/node_modules/_bluebird@3.5.1@bluebird/js/release/async.js:143:10)
    at Immediate.Async.drainQueues (/Users/wangcaowei/Documents/frontend/blog/server/node_modules/_bluebird@3.5.1@bluebird/js/release/async.js:17:14)
    at runCallback (timers.js:781:20)
    at tryOnImmediate (timers.js:743:5)
    at processImmediate [as _immediateCallback] (timers.js:714:5)
[2018-03-04T04:57:38.597] [TRACE] blog - TypeError: Cannot read property 'password' of null
    at exports.login (/Users/wangcaowei/Documents/frontend/blog/server/services/user.js:25:56)
    at <anonymous>
[2018-03-04T04:59:19.751] [TRACE] blog - TypeError: Cannot read property 'password' of null
    at exports.login (/Users/wangcaowei/Documents/frontend/blog/server/services/user.js:25:56)
    at <anonymous>
[2018-03-04T04:59:33.877] [TRACE] blog - Error: data and hash arguments required
    at /Users/wangcaowei/Documents/frontend/blog/server/node_modules/_bcrypt@1.0.3@bcrypt/bcrypt.js:179:16
    at _combinedTickCallback (internal/process/next_tick.js:131:7)
    at process._tickCallback (internal/process/next_tick.js:180:9)
[2018-03-04T05:32:23.088] [TRACE] blog - SequelizeUniqueConstraintError: Validation error
    at Query.formatError (/Users/wangcaowei/Documents/frontend/blog/server/node_modules/_sequelize@4.33.4@sequelize/lib/dialects/mysql/query.js:226:16)
    at Query.handler [as onResult] (/Users/wangcaowei/Documents/frontend/blog/server/node_modules/_sequelize@4.33.4@sequelize/lib/dialects/mysql/query.js:68:23)
    at Query.Command.execute (/Users/wangcaowei/Documents/frontend/blog/server/node_modules/_mysql2@1.5.2@mysql2/lib/commands/command.js:30:12)
    at Connection.handlePacket (/Users/wangcaowei/Documents/frontend/blog/server/node_modules/_mysql2@1.5.2@mysql2/lib/connection.js:502:28)
    at PacketParser.onPacket (/Users/wangcaowei/Documents/frontend/blog/server/node_modules/_mysql2@1.5.2@mysql2/lib/connection.js:81:16)
    at PacketParser.executeStart (/Users/wangcaowei/Documents/frontend/blog/server/node_modules/_mysql2@1.5.2@mysql2/lib/packet_parser.js:77:14)
    at Socket.<anonymous> (/Users/wangcaowei/Documents/frontend/blog/server/node_modules/_mysql2@1.5.2@mysql2/lib/connection.js:89:29)
    at emitOne (events.js:115:13)
    at Socket.emit (events.js:210:7)
    at addChunk (_stream_readable.js:252:12)
    at readableAddChunk (_stream_readable.js:239:11)
    at Socket.Readable.push (_stream_readable.js:197:10)
    at TCP.onread (net.js:589:20)
[2018-03-04T05:34:21.842] [TRACE] blog - TypeError: Assignment to constant variable.
    at exports.login (/Users/wangcaowei/Documents/frontend/blog/server/services/user.js:28:17)
    at <anonymous>
[2018-03-04T05:36:07.973] [TRACE] blog - TypeError: Assignment to constant variable.
    at exports.login (/Users/wangcaowei/Documents/frontend/blog/server/services/user.js:28:17)
    at <anonymous>
[2018-03-04T05:36:40.729] [TRACE] blog - TypeError: Assignment to constant variable.
    at exports.login (/Users/wangcaowei/Documents/frontend/blog/server/services/user.js:28:17)
    at <anonymous>
[2018-03-09T15:56:56.766] [TRACE] blog - ReferenceError: tokenConf is not defined
    at Object.exports.createToken.data [as createToken] (e:\work\es\server\services\token.js:17:41)
    at exports.getVerifycode (e:\work\es\server\services\user.js:63:9)
    at dispatch (e:\work\es\server\node_modules\koa-router\node_modules\koa-compose\index.js:44:32)
    at next (e:\work\es\server\node_modules\koa-router\node_modules\koa-compose\index.js:45:18)
    at e:\work\es\server\node_modules\koa-router\lib\router.js:346:16
    at dispatch (e:\work\es\server\node_modules\koa-router\node_modules\koa-compose\index.js:44:32)
    at e:\work\es\server\node_modules\koa-router\node_modules\koa-compose\index.js:36:12
    at dispatch (e:\work\es\server\node_modules\koa-router\lib\router.js:351:31)
    at dispatch (e:\work\es\server\node_modules\koa-compose\index.js:42:32)
    at next (e:\work\es\server\node_modules\koa-compose\index.js:43:18)
    at createGenerator (e:\work\es\server\node_modules\koa-convert\index.js:24:16)
    at createGenerator.next (<anonymous>)
    at onFulfilled (e:\work\es\server\node_modules\co\index.js:65:19)
    at e:\work\es\server\node_modules\co\index.js:54:5
    at Promise (<anonymous>)
    at Object.co (e:\work\es\server\node_modules\co\index.js:50:10)
    at Object.toPromise (e:\work\es\server\node_modules\co\index.js:118:63)
    at next (e:\work\es\server\node_modules\co\index.js:99:29)
    at onFulfilled (e:\work\es\server\node_modules\co\index.js:69:7)
    at e:\work\es\server\node_modules\co\index.js:54:5
    at Promise (<anonymous>)
    at Object.co (e:\work\es\server\node_modules\co\index.js:50:10)
[2018-03-09T15:57:08.096] [TRACE] blog - ReferenceError: tokenConf is not defined
    at Object.exports.createToken.data [as createToken] (e:\work\es\server\services\token.js:17:41)
    at exports.getVerifycode (e:\work\es\server\services\user.js:63:9)
    at dispatch (e:\work\es\server\node_modules\koa-router\node_modules\koa-compose\index.js:44:32)
    at next (e:\work\es\server\node_modules\koa-router\node_modules\koa-compose\index.js:45:18)
    at e:\work\es\server\node_modules\koa-router\lib\router.js:346:16
    at dispatch (e:\work\es\server\node_modules\koa-router\node_modules\koa-compose\index.js:44:32)
    at e:\work\es\server\node_modules\koa-router\node_modules\koa-compose\index.js:36:12
    at dispatch (e:\work\es\server\node_modules\koa-router\lib\router.js:351:31)
    at dispatch (e:\work\es\server\node_modules\koa-compose\index.js:42:32)
    at next (e:\work\es\server\node_modules\koa-compose\index.js:43:18)
    at createGenerator (e:\work\es\server\node_modules\koa-convert\index.js:24:16)
    at createGenerator.next (<anonymous>)
    at onFulfilled (e:\work\es\server\node_modules\co\index.js:65:19)
    at e:\work\es\server\node_modules\co\index.js:54:5
    at Promise (<anonymous>)
    at Object.co (e:\work\es\server\node_modules\co\index.js:50:10)
    at Object.toPromise (e:\work\es\server\node_modules\co\index.js:118:63)
    at next (e:\work\es\server\node_modules\co\index.js:99:29)
    at onFulfilled (e:\work\es\server\node_modules\co\index.js:69:7)
    at e:\work\es\server\node_modules\co\index.js:54:5
    at Promise (<anonymous>)
    at Object.co (e:\work\es\server\node_modules\co\index.js:50:10)
[2018-03-09T15:58:27.506] [TRACE] blog - Error: invalid expiresIn option for string payload
    at Object.module.exports [as sign] (E:\work\es\server\node_modules\._jsonwebtoken@8.2.0@jsonwebtoken\sign.js:123:22)
    at Object.exports.createToken.data [as createToken] (e:\work\es\server\services\token.js:17:30)
    at exports.getVerifycode (e:\work\es\server\services\user.js:63:9)
    at dispatch (e:\work\es\server\node_modules\koa-router\node_modules\koa-compose\index.js:44:32)
    at next (e:\work\es\server\node_modules\koa-router\node_modules\koa-compose\index.js:45:18)
    at e:\work\es\server\node_modules\koa-router\lib\router.js:346:16
    at dispatch (e:\work\es\server\node_modules\koa-router\node_modules\koa-compose\index.js:44:32)
    at e:\work\es\server\node_modules\koa-router\node_modules\koa-compose\index.js:36:12
    at dispatch (e:\work\es\server\node_modules\koa-router\lib\router.js:351:31)
    at dispatch (e:\work\es\server\node_modules\koa-compose\index.js:42:32)
    at next (e:\work\es\server\node_modules\koa-compose\index.js:43:18)
    at createGenerator (e:\work\es\server\node_modules\koa-convert\index.js:24:16)
    at createGenerator.next (<anonymous>)
    at onFulfilled (e:\work\es\server\node_modules\co\index.js:65:19)
    at e:\work\es\server\node_modules\co\index.js:54:5
    at Promise (<anonymous>)
    at Object.co (e:\work\es\server\node_modules\co\index.js:50:10)
    at Object.toPromise (e:\work\es\server\node_modules\co\index.js:118:63)
    at next (e:\work\es\server\node_modules\co\index.js:99:29)
    at onFulfilled (e:\work\es\server\node_modules\co\index.js:69:7)
    at e:\work\es\server\node_modules\co\index.js:54:5
    at Promise (<anonymous>)
[2018-03-09T16:04:08.136] [TRACE] blog - undefined
[2018-03-09T16:05:00.779] [TRACE] blog - undefined
[2018-03-09T16:10:58.653] [TRACE] blog - undefined
[2018-03-09T16:11:43.508] [TRACE] blog - undefined
[2018-03-09T16:12:55.014] [TRACE] blog - UnauthorizedError: 验证码错误
    at Object.throw (e:\work\es\server\node_modules\koa\lib\context.js:93:11)
    at Object.exports.verifyToken (e:\work\es\server\services\token.js:30:14)
    at exports.login (e:\work\es\server\services\user.js:28:9)
    at <anonymous>
[2018-03-09T16:14:06.490] [TRACE] blog - UnauthorizedError: 验证码错误
    at Object.throw (e:\work\es\server\node_modules\koa\lib\context.js:93:11)
    at Object.exports.verifyToken (e:\work\es\server\services\token.js:30:14)
    at exports.login (e:\work\es\server\services\user.js:28:9)
    at <anonymous>
[2018-03-09T16:14:38.214] [TRACE] blog - UnauthorizedError: 验证码错误
    at Object.throw (e:\work\es\server\node_modules\koa\lib\context.js:93:11)
    at Object.exports.verifyToken (e:\work\es\server\services\token.js:30:14)
    at exports.login (e:\work\es\server\services\user.js:28:9)
    at <anonymous>
[2018-03-09T16:15:02.759] [TRACE] blog - UnauthorizedError: 验证码错误
    at Object.throw (e:\work\es\server\node_modules\koa\lib\context.js:93:11)
    at Object.exports.verifyToken (e:\work\es\server\services\token.js:30:14)
    at exports.login (e:\work\es\server\services\user.js:28:9)
    at <anonymous>
[2018-03-09T16:21:22.696] [TRACE] blog - UnauthorizedError: 验证码错误
    at Object.throw (e:\work\es\server\node_modules\koa\lib\context.js:93:11)
    at Object.exports.verifyToken (e:\work\es\server\services\token.js:30:14)
    at exports.login (e:\work\es\server\services\user.js:28:9)
    at <anonymous>
[2018-03-09T16:21:41.137] [TRACE] blog - UnauthorizedError: 验证码错误
    at Object.throw (e:\work\es\server\node_modules\koa\lib\context.js:93:11)
    at Object.exports.verifyToken (e:\work\es\server\services\token.js:30:14)
    at exports.login (e:\work\es\server\services\user.js:28:9)
    at <anonymous>
[2018-03-09T16:29:06.491] [TRACE] blog - UnauthorizedError: 验证码错误
    at Object.throw (e:\work\es\server\node_modules\koa\lib\context.js:93:11)
    at Object.exports.verifyToken (e:\work\es\server\services\token.js:31:14)
    at exports.login (e:\work\es\server\services\user.js:29:9)
    at <anonymous>
[2018-03-09T16:29:30.325] [TRACE] blog - UnauthorizedError: 验证码错误
    at Object.throw (e:\work\es\server\node_modules\koa\lib\context.js:93:11)
    at Object.exports.verifyToken (e:\work\es\server\services\token.js:31:14)
    at exports.login (e:\work\es\server\services\user.js:29:9)
    at <anonymous>
[2018-03-12T21:43:48.842] [TRACE] blog - TypeError: Cannot read property 'secret' of undefined
    at Object.exports.createToken.data [as createToken] (/Users/wangcaowei/Documents/frontend/blog/server/services/token.js:18:50)
    at exports.getVerifycode (/Users/wangcaowei/Documents/frontend/blog/server/services/user.js:63:9)
    at dispatch (/Users/wangcaowei/Documents/frontend/blog/server/node_modules/_koa-compose@3.2.1@koa-compose/index.js:44:32)
    at next (/Users/wangcaowei/Documents/frontend/blog/server/node_modules/_koa-compose@3.2.1@koa-compose/index.js:45:18)
    at /Users/wangcaowei/Documents/frontend/blog/server/node_modules/_koa-router@7.4.0@koa-router/lib/router.js:346:16
    at dispatch (/Users/wangcaowei/Documents/frontend/blog/server/node_modules/_koa-compose@3.2.1@koa-compose/index.js:44:32)
    at /Users/wangcaowei/Documents/frontend/blog/server/node_modules/_koa-compose@3.2.1@koa-compose/index.js:36:12
    at dispatch (/Users/wangcaowei/Documents/frontend/blog/server/node_modules/_koa-router@7.4.0@koa-router/lib/router.js:351:31)
    at dispatch (/Users/wangcaowei/Documents/frontend/blog/server/node_modules/_koa-compose@4.0.0@koa-compose/index.js:42:32)
    at next (/Users/wangcaowei/Documents/frontend/blog/server/node_modules/_koa-compose@4.0.0@koa-compose/index.js:43:18)
    at createGenerator (/Users/wangcaowei/Documents/frontend/blog/server/node_modules/_koa-convert@1.2.0@koa-convert/index.js:24:16)
    at createGenerator.next (<anonymous>)
    at onFulfilled (/Users/wangcaowei/Documents/frontend/blog/server/node_modules/_co@4.6.0@co/index.js:65:19)
    at /Users/wangcaowei/Documents/frontend/blog/server/node_modules/_co@4.6.0@co/index.js:54:5
    at Promise (<anonymous>)
    at Object.co (/Users/wangcaowei/Documents/frontend/blog/server/node_modules/_co@4.6.0@co/index.js:50:10)
    at Object.toPromise (/Users/wangcaowei/Documents/frontend/blog/server/node_modules/_co@4.6.0@co/index.js:118:63)
    at next (/Users/wangcaowei/Documents/frontend/blog/server/node_modules/_co@4.6.0@co/index.js:99:29)
    at onFulfilled (/Users/wangcaowei/Documents/frontend/blog/server/node_modules/_co@4.6.0@co/index.js:69:7)
    at /Users/wangcaowei/Documents/frontend/blog/server/node_modules/_co@4.6.0@co/index.js:54:5
    at Promise (<anonymous>)
    at Object.co (/Users/wangcaowei/Documents/frontend/blog/server/node_modules/_co@4.6.0@co/index.js:50:10)
[2018-03-12T21:44:10.426] [TRACE] blog - TypeError: Cannot read property 'secret' of undefined
    at Object.exports.createToken.data [as createToken] (/Users/wangcaowei/Documents/frontend/blog/server/services/token.js:18:50)
    at exports.getVerifycode (/Users/wangcaowei/Documents/frontend/blog/server/services/user.js:63:9)
    at dispatch (/Users/wangcaowei/Documents/frontend/blog/server/node_modules/_koa-compose@3.2.1@koa-compose/index.js:44:32)
    at next (/Users/wangcaowei/Documents/frontend/blog/server/node_modules/_koa-compose@3.2.1@koa-compose/index.js:45:18)
    at /Users/wangcaowei/Documents/frontend/blog/server/node_modules/_koa-router@7.4.0@koa-router/lib/router.js:346:16
    at dispatch (/Users/wangcaowei/Documents/frontend/blog/server/node_modules/_koa-compose@3.2.1@koa-compose/index.js:44:32)
    at /Users/wangcaowei/Documents/frontend/blog/server/node_modules/_koa-compose@3.2.1@koa-compose/index.js:36:12
    at dispatch (/Users/wangcaowei/Documents/frontend/blog/server/node_modules/_koa-router@7.4.0@koa-router/lib/router.js:351:31)
    at dispatch (/Users/wangcaowei/Documents/frontend/blog/server/node_modules/_koa-compose@4.0.0@koa-compose/index.js:42:32)
    at next (/Users/wangcaowei/Documents/frontend/blog/server/node_modules/_koa-compose@4.0.0@koa-compose/index.js:43:18)
    at createGenerator (/Users/wangcaowei/Documents/frontend/blog/server/node_modules/_koa-convert@1.2.0@koa-convert/index.js:24:16)
    at createGenerator.next (<anonymous>)
    at onFulfilled (/Users/wangcaowei/Documents/frontend/blog/server/node_modules/_co@4.6.0@co/index.js:65:19)
    at /Users/wangcaowei/Documents/frontend/blog/server/node_modules/_co@4.6.0@co/index.js:54:5
    at Promise (<anonymous>)
    at Object.co (/Users/wangcaowei/Documents/frontend/blog/server/node_modules/_co@4.6.0@co/index.js:50:10)
    at Object.toPromise (/Users/wangcaowei/Documents/frontend/blog/server/node_modules/_co@4.6.0@co/index.js:118:63)
    at next (/Users/wangcaowei/Documents/frontend/blog/server/node_modules/_co@4.6.0@co/index.js:99:29)
    at onFulfilled (/Users/wangcaowei/Documents/frontend/blog/server/node_modules/_co@4.6.0@co/index.js:69:7)
    at /Users/wangcaowei/Documents/frontend/blog/server/node_modules/_co@4.6.0@co/index.js:54:5
    at Promise (<anonymous>)
    at Object.co (/Users/wangcaowei/Documents/frontend/blog/server/node_modules/_co@4.6.0@co/index.js:50:10)
[2018-03-12T21:44:17.259] [TRACE] blog - TypeError: Cannot read property 'secret' of undefined
    at Object.exports.createToken.data [as createToken] (/Users/wangcaowei/Documents/frontend/blog/server/services/token.js:18:50)
    at exports.getVerifycode (/Users/wangcaowei/Documents/frontend/blog/server/services/user.js:63:9)
    at dispatch (/Users/wangcaowei/Documents/frontend/blog/server/node_modules/_koa-compose@3.2.1@koa-compose/index.js:44:32)
    at next (/Users/wangcaowei/Documents/frontend/blog/server/node_modules/_koa-compose@3.2.1@koa-compose/index.js:45:18)
    at /Users/wangcaowei/Documents/frontend/blog/server/node_modules/_koa-router@7.4.0@koa-router/lib/router.js:346:16
    at dispatch (/Users/wangcaowei/Documents/frontend/blog/server/node_modules/_koa-compose@3.2.1@koa-compose/index.js:44:32)
    at /Users/wangcaowei/Documents/frontend/blog/server/node_modules/_koa-compose@3.2.1@koa-compose/index.js:36:12
    at dispatch (/Users/wangcaowei/Documents/frontend/blog/server/node_modules/_koa-router@7.4.0@koa-router/lib/router.js:351:31)
    at dispatch (/Users/wangcaowei/Documents/frontend/blog/server/node_modules/_koa-compose@4.0.0@koa-compose/index.js:42:32)
    at next (/Users/wangcaowei/Documents/frontend/blog/server/node_modules/_koa-compose@4.0.0@koa-compose/index.js:43:18)
    at createGenerator (/Users/wangcaowei/Documents/frontend/blog/server/node_modules/_koa-convert@1.2.0@koa-convert/index.js:24:16)
    at createGenerator.next (<anonymous>)
    at onFulfilled (/Users/wangcaowei/Documents/frontend/blog/server/node_modules/_co@4.6.0@co/index.js:65:19)
    at /Users/wangcaowei/Documents/frontend/blog/server/node_modules/_co@4.6.0@co/index.js:54:5
    at Promise (<anonymous>)
    at Object.co (/Users/wangcaowei/Documents/frontend/blog/server/node_modules/_co@4.6.0@co/index.js:50:10)
    at Object.toPromise (/Users/wangcaowei/Documents/frontend/blog/server/node_modules/_co@4.6.0@co/index.js:118:63)
    at next (/Users/wangcaowei/Documents/frontend/blog/server/node_modules/_co@4.6.0@co/index.js:99:29)
    at onFulfilled (/Users/wangcaowei/Documents/frontend/blog/server/node_modules/_co@4.6.0@co/index.js:69:7)
    at /Users/wangcaowei/Documents/frontend/blog/server/node_modules/_co@4.6.0@co/index.js:54:5
    at Promise (<anonymous>)
    at Object.co (/Users/wangcaowei/Documents/frontend/blog/server/node_modules/_co@4.6.0@co/index.js:50:10)
[2018-03-12T21:45:08.426] [TRACE] blog - TypeError: Cannot read property 'secret' of undefined
    at Object.exports.createToken.data [as createToken] (/Users/wangcaowei/Documents/frontend/blog/server/services/token.js:18:50)
    at exports.getVerifycode (/Users/wangcaowei/Documents/frontend/blog/server/services/user.js:63:9)
    at dispatch (/Users/wangcaowei/Documents/frontend/blog/server/node_modules/_koa-compose@3.2.1@koa-compose/index.js:44:32)
    at next (/Users/wangcaowei/Documents/frontend/blog/server/node_modules/_koa-compose@3.2.1@koa-compose/index.js:45:18)
    at /Users/wangcaowei/Documents/frontend/blog/server/node_modules/_koa-router@7.4.0@koa-router/lib/router.js:346:16
    at dispatch (/Users/wangcaowei/Documents/frontend/blog/server/node_modules/_koa-compose@3.2.1@koa-compose/index.js:44:32)
    at /Users/wangcaowei/Documents/frontend/blog/server/node_modules/_koa-compose@3.2.1@koa-compose/index.js:36:12
    at dispatch (/Users/wangcaowei/Documents/frontend/blog/server/node_modules/_koa-router@7.4.0@koa-router/lib/router.js:351:31)
    at dispatch (/Users/wangcaowei/Documents/frontend/blog/server/node_modules/_koa-compose@4.0.0@koa-compose/index.js:42:32)
    at next (/Users/wangcaowei/Documents/frontend/blog/server/node_modules/_koa-compose@4.0.0@koa-compose/index.js:43:18)
    at createGenerator (/Users/wangcaowei/Documents/frontend/blog/server/node_modules/_koa-convert@1.2.0@koa-convert/index.js:24:16)
    at createGenerator.next (<anonymous>)
    at onFulfilled (/Users/wangcaowei/Documents/frontend/blog/server/node_modules/_co@4.6.0@co/index.js:65:19)
    at /Users/wangcaowei/Documents/frontend/blog/server/node_modules/_co@4.6.0@co/index.js:54:5
    at Promise (<anonymous>)
    at Object.co (/Users/wangcaowei/Documents/frontend/blog/server/node_modules/_co@4.6.0@co/index.js:50:10)
    at Object.toPromise (/Users/wangcaowei/Documents/frontend/blog/server/node_modules/_co@4.6.0@co/index.js:118:63)
    at next (/Users/wangcaowei/Documents/frontend/blog/server/node_modules/_co@4.6.0@co/index.js:99:29)
    at onFulfilled (/Users/wangcaowei/Documents/frontend/blog/server/node_modules/_co@4.6.0@co/index.js:69:7)
    at /Users/wangcaowei/Documents/frontend/blog/server/node_modules/_co@4.6.0@co/index.js:54:5
    at Promise (<anonymous>)
    at Object.co (/Users/wangcaowei/Documents/frontend/blog/server/node_modules/_co@4.6.0@co/index.js:50:10)
[2018-03-12T21:45:18.346] [TRACE] blog - TypeError: Cannot read property 'secret' of undefined
    at Object.exports.createToken.data [as createToken] (/Users/wangcaowei/Documents/frontend/blog/server/services/token.js:18:50)
    at exports.getVerifycode (/Users/wangcaowei/Documents/frontend/blog/server/services/user.js:63:9)
    at dispatch (/Users/wangcaowei/Documents/frontend/blog/server/node_modules/_koa-compose@3.2.1@koa-compose/index.js:44:32)
    at next (/Users/wangcaowei/Documents/frontend/blog/server/node_modules/_koa-compose@3.2.1@koa-compose/index.js:45:18)
    at /Users/wangcaowei/Documents/frontend/blog/server/node_modules/_koa-router@7.4.0@koa-router/lib/router.js:346:16
    at dispatch (/Users/wangcaowei/Documents/frontend/blog/server/node_modules/_koa-compose@3.2.1@koa-compose/index.js:44:32)
    at /Users/wangcaowei/Documents/frontend/blog/server/node_modules/_koa-compose@3.2.1@koa-compose/index.js:36:12
    at dispatch (/Users/wangcaowei/Documents/frontend/blog/server/node_modules/_koa-router@7.4.0@koa-router/lib/router.js:351:31)
    at dispatch (/Users/wangcaowei/Documents/frontend/blog/server/node_modules/_koa-compose@4.0.0@koa-compose/index.js:42:32)
    at next (/Users/wangcaowei/Documents/frontend/blog/server/node_modules/_koa-compose@4.0.0@koa-compose/index.js:43:18)
    at createGenerator (/Users/wangcaowei/Documents/frontend/blog/server/node_modules/_koa-convert@1.2.0@koa-convert/index.js:24:16)
    at createGenerator.next (<anonymous>)
    at onFulfilled (/Users/wangcaowei/Documents/frontend/blog/server/node_modules/_co@4.6.0@co/index.js:65:19)
    at /Users/wangcaowei/Documents/frontend/blog/server/node_modules/_co@4.6.0@co/index.js:54:5
    at Promise (<anonymous>)
    at Object.co (/Users/wangcaowei/Documents/frontend/blog/server/node_modules/_co@4.6.0@co/index.js:50:10)
    at Object.toPromise (/Users/wangcaowei/Documents/frontend/blog/server/node_modules/_co@4.6.0@co/index.js:118:63)
    at next (/Users/wangcaowei/Documents/frontend/blog/server/node_modules/_co@4.6.0@co/index.js:99:29)
    at onFulfilled (/Users/wangcaowei/Documents/frontend/blog/server/node_modules/_co@4.6.0@co/index.js:69:7)
    at /Users/wangcaowei/Documents/frontend/blog/server/node_modules/_co@4.6.0@co/index.js:54:5
    at Promise (<anonymous>)
    at Object.co (/Users/wangcaowei/Documents/frontend/blog/server/node_modules/_co@4.6.0@co/index.js:50:10)
[2018-03-12T21:47:52.914] [TRACE] blog - TypeError: Cannot read property 'secret' of undefined
    at Object.exports.createToken.data [as createToken] (/Users/wangcaowei/Documents/frontend/blog/server/services/token.js:18:50)
    at exports.getVerifycode (/Users/wangcaowei/Documents/frontend/blog/server/services/user.js:63:9)
    at dispatch (/Users/wangcaowei/Documents/frontend/blog/server/node_modules/_koa-compose@3.2.1@koa-compose/index.js:44:32)
    at next (/Users/wangcaowei/Documents/frontend/blog/server/node_modules/_koa-compose@3.2.1@koa-compose/index.js:45:18)
    at /Users/wangcaowei/Documents/frontend/blog/server/node_modules/_koa-router@7.4.0@koa-router/lib/router.js:346:16
    at dispatch (/Users/wangcaowei/Documents/frontend/blog/server/node_modules/_koa-compose@3.2.1@koa-compose/index.js:44:32)
    at /Users/wangcaowei/Documents/frontend/blog/server/node_modules/_koa-compose@3.2.1@koa-compose/index.js:36:12
    at dispatch (/Users/wangcaowei/Documents/frontend/blog/server/node_modules/_koa-router@7.4.0@koa-router/lib/router.js:351:31)
    at dispatch (/Users/wangcaowei/Documents/frontend/blog/server/node_modules/_koa-compose@4.0.0@koa-compose/index.js:42:32)
    at next (/Users/wangcaowei/Documents/frontend/blog/server/node_modules/_koa-compose@4.0.0@koa-compose/index.js:43:18)
    at createGenerator (/Users/wangcaowei/Documents/frontend/blog/server/node_modules/_koa-convert@1.2.0@koa-convert/index.js:24:16)
    at createGenerator.next (<anonymous>)
    at onFulfilled (/Users/wangcaowei/Documents/frontend/blog/server/node_modules/_co@4.6.0@co/index.js:65:19)
    at /Users/wangcaowei/Documents/frontend/blog/server/node_modules/_co@4.6.0@co/index.js:54:5
    at Promise (<anonymous>)
    at Object.co (/Users/wangcaowei/Documents/frontend/blog/server/node_modules/_co@4.6.0@co/index.js:50:10)
    at Object.toPromise (/Users/wangcaowei/Documents/frontend/blog/server/node_modules/_co@4.6.0@co/index.js:118:63)
    at next (/Users/wangcaowei/Documents/frontend/blog/server/node_modules/_co@4.6.0@co/index.js:99:29)
    at onFulfilled (/Users/wangcaowei/Documents/frontend/blog/server/node_modules/_co@4.6.0@co/index.js:69:7)
    at /Users/wangcaowei/Documents/frontend/blog/server/node_modules/_co@4.6.0@co/index.js:54:5
    at Promise (<anonymous>)
    at Object.co (/Users/wangcaowei/Documents/frontend/blog/server/node_modules/_co@4.6.0@co/index.js:50:10)
[2018-03-12T23:42:46.395] [TRACE] blog - Error: .keys required for signed cookies
    at Cookies.set (/Users/wangcaowei/Documents/frontend/blog/server/node_modules/_cookies@0.7.1@cookies/index.js:108:27)
    at ContextSession.save (/Users/wangcaowei/Documents/frontend/blog/server/node_modules/_koa-session@5.8.1@koa-session/lib/context.js:320:22)
    at ContextSession.commit (/Users/wangcaowei/Documents/frontend/blog/server/node_modules/_koa-session@5.8.1@koa-session/lib/context.js:231:16)
    at session (/Users/wangcaowei/Documents/frontend/blog/server/node_modules/_koa-session@5.8.1@koa-session/index.js:45:18)
    at <anonymous>
[2018-03-12T23:47:01.407] [TRACE] blog - Error: .keys required for signed cookies
    at Cookies.set (/Users/wangcaowei/Documents/frontend/blog/server/node_modules/_cookies@0.7.1@cookies/index.js:108:27)
    at ContextSession.save (/Users/wangcaowei/Documents/frontend/blog/server/node_modules/_koa-session@5.8.1@koa-session/lib/context.js:320:22)
    at ContextSession.commit (/Users/wangcaowei/Documents/frontend/blog/server/node_modules/_koa-session@5.8.1@koa-session/lib/context.js:231:16)
    at session (/Users/wangcaowei/Documents/frontend/blog/server/node_modules/_koa-session@5.8.1@koa-session/index.js:45:18)
    at <anonymous>
